<?xml version="1.0" encoding="UTF-8"?>
<!-- Generated by org.testng.reporters.JUnitXMLReporter -->
<testsuite ignored="0" hostname="LAPTOP-F3JRHJJR" failures="1" tests="20" name="MyTest" time="81.079" errors="0" timestamp="2025-06-05T11:05:50 IST">
  <testcase classname="testScript.LoginTest" name="verifyUserLoginWithInValidCredentials" time="0.863"/>
  <testcase classname="testScript.LoginTest" name="verifyUserLoginWithInvalidPasswordValidUsername" time="0.387"/>
  <testcase classname="testScript.LoginTest" name="verifyUserLoginWithInvalidPasswordValidUsername" time="0.375"/>
  <testcase classname="testScript.LoginTest" name="verifyUserLoginWithInvalidPasswordValidUsername" time="0.363"/>
  <testcase classname="testScript.LoginTest" name="verifyUserLoginWithValidCredentials" time="0.746"/>
  <testcase classname="testScript.CategoryTest" name="verifyAddNewCategoryWithValidDetails" time="2.379"/>
  <testcase classname="testScript.CategoryTest" name="searchCategory" time="1.486"/>
  <testcase classname="testScript.CategoryTest" name="resetSearch" time="1.855"/>
  <testcase classname="testScript.CategoryTest" name="updateCategory" time="2.906"/>
  <testcase classname="testScript.CategoryTest" name="changeStatusOfItem" time="2.074"/>
  <testcase classname="testScript.CategoryTest" name="deleteCategoryItem" time="1.868"/>
  <testcase classname="testScript.NewsTest" name="verifyAddNews" time="1.695">
    <skipped/>
  </testcase> <!-- verifyAddNews -->
  <testcase classname="testScript.NewsTest" name="verifyAddNews" time="1.729">
    <skipped/>
  </testcase> <!-- verifyAddNews -->
  <testcase classname="testScript.NewsTest" name="verifyAddNews" time="1.609">
    <skipped/>
  </testcase> <!-- verifyAddNews -->
  <testcase classname="testScript.NewsTest" name="verifyAddNews" time="1.701">
    <failure type="org.openqa.selenium.StaleElementReferenceException" message="stale element reference: stale element not found
  (Session info: chrome=137.0.7151.68)
For documentation on this error, please visit: https://www.selenium.dev/documentation/webdriver/troubleshooting/errors#stale-element-reference-exception
Build info: version: &amp;apos;4.31.0&amp;apos;, revision: &amp;apos;1ef9f18787*&amp;apos;
System info: os.name: &amp;apos;Windows 11&amp;apos;, os.arch: &amp;apos;amd64&amp;apos;, os.version: &amp;apos;10.0&amp;apos;, java.version: &amp;apos;21.0.6&amp;apos;
Driver info: org.openqa.selenium.chrome.ChromeDriver
Command: [155a919df2a476e0c88eee5c96840ed1, isElementDisplayed {id=f.60FDD009289A9692B29550E2DB5AE549.d.8A26E7775146554F921D6BF6498CADD6.e.55}]
Capabilities {acceptInsecureCerts: false, browserName: chrome, browserVersion: 137.0.7151.68, chrome: {chromedriverVersion: 137.0.7151.68 (2989ffee9373..., userDataDir: C:\Users\ATHIRA~1\AppData\L...}, fedcm:accounts: true, goog:chromeOptions: {debuggerAddress: localhost:63213}, networkConnectionEnabled: false, pageLoadStrategy: normal, platformName: windows, proxy: Proxy(), se:cdp: ws://localhost:63213/devtoo..., se:cdpVersion: 137.0.7151.68, setWindowRect: true, strictFileInteractability: false, timeouts: {implicit: 0, pageLoad: 300000, script: 30000}, unhandledPromptBehavior: dismiss and notify, webauthn:extension:credBlob: true, webauthn:extension:largeBlob: true, webauthn:extension:minPinLength: true, webauthn:extension:prf: true, webauthn:virtualAuthenticators: true}
Element: [[ChromeDriver: chrome on windows (155a919df2a476e0c88eee5c96840ed1)] -&amp;gt; xpath: //button[@type=&amp;quot;submit&amp;quot;]]
Session ID: 155a919df2a476e0c88eee5c96840ed1">
      <![CDATA[org.openqa.selenium.StaleElementReferenceException: stale element reference: stale element not found
  (Session info: chrome=137.0.7151.68)
For documentation on this error, please visit: https://www.selenium.dev/documentation/webdriver/troubleshooting/errors#stale-element-reference-exception
Build info: version: '4.31.0', revision: '1ef9f18787*'
System info: os.name: 'Windows 11', os.arch: 'amd64', os.version: '10.0', java.version: '21.0.6'
Driver info: org.openqa.selenium.chrome.ChromeDriver
Command: [155a919df2a476e0c88eee5c96840ed1, isElementDisplayed {id=f.60FDD009289A9692B29550E2DB5AE549.d.8A26E7775146554F921D6BF6498CADD6.e.55}]
Capabilities {acceptInsecureCerts: false, browserName: chrome, browserVersion: 137.0.7151.68, chrome: {chromedriverVersion: 137.0.7151.68 (2989ffee9373..., userDataDir: C:\Users\ATHIRA~1\AppData\L...}, fedcm:accounts: true, goog:chromeOptions: {debuggerAddress: localhost:63213}, networkConnectionEnabled: false, pageLoadStrategy: normal, platformName: windows, proxy: Proxy(), se:cdp: ws://localhost:63213/devtoo..., se:cdpVersion: 137.0.7151.68, setWindowRect: true, strictFileInteractability: false, timeouts: {implicit: 0, pageLoad: 300000, script: 30000}, unhandledPromptBehavior: dismiss and notify, webauthn:extension:credBlob: true, webauthn:extension:largeBlob: true, webauthn:extension:minPinLength: true, webauthn:extension:prf: true, webauthn:virtualAuthenticators: true}
Element: [[ChromeDriver: chrome on windows (155a919df2a476e0c88eee5c96840ed1)] -> xpath: //button[@type="submit"]]
Session ID: 155a919df2a476e0c88eee5c96840ed1
at org.openqa.selenium.remote.ErrorCodec.decode(ErrorCodec.java:167)
at org.openqa.selenium.remote.codec.w3c.W3CHttpResponseCodec.decode(W3CHttpResponseCodec.java:138)
at org.openqa.selenium.remote.codec.w3c.W3CHttpResponseCodec.decode(W3CHttpResponseCodec.java:50)
at org.openqa.selenium.remote.HttpCommandExecutor.execute(HttpCommandExecutor.java:215)
at org.openqa.selenium.remote.service.DriverCommandExecutor.invokeExecute(DriverCommandExecutor.java:216)
at org.openqa.selenium.remote.service.DriverCommandExecutor.execute(DriverCommandExecutor.java:174)
at org.openqa.selenium.remote.RemoteWebDriver.execute(RemoteWebDriver.java:545)
at org.openqa.selenium.remote.RemoteWebElement.execute(RemoteWebElement.java:223)
at org.openqa.selenium.remote.RemoteWebElement.isDisplayed(RemoteWebElement.java:282)
at org.openqa.selenium.support.pagefactory.internal.LocatingElementHandler.invoke(LocatingElementHandler.java:51)
at jdk.proxy2/jdk.proxy2.$Proxy16.isDisplayed(Unknown Source)
at org.openqa.selenium.support.ui.ExpectedConditions.elementIfVisible(ExpectedConditions.java:304)
at org.openqa.selenium.support.ui.ExpectedConditions$10.apply(ExpectedConditions.java:290)
at org.openqa.selenium.support.ui.ExpectedConditions$10.apply(ExpectedConditions.java:287)
at org.openqa.selenium.support.ui.ExpectedConditions$23.apply(ExpectedConditions.java:656)
at org.openqa.selenium.support.ui.ExpectedConditions$23.apply(ExpectedConditions.java:652)
at org.openqa.selenium.support.ui.FluentWait.until(FluentWait.java:203)
at pages.NewsPage.clickOnSaveButton(NewsPage.java:88)
at testScript.NewsTest.verifyAddNews(NewsTest.java:29)
at java.base/java.util.ArrayList.forEach(ArrayList.java:1596)
... Removed 30 stack frames]]>
    </failure>
  </testcase> <!-- verifyAddNews -->
  <testcase classname="testScript.NewsTest" name="searchAddedNews" time="1.298"/>
  <testcase classname="testScript.NewsTest" name="resetSearch" time="1.525"/>
  <testcase classname="testScript.NewsTest" name="updateNews" time="2.848"/>
  <testcase classname="testScript.NewsTest" name="deleteNewsItem" time="1.703"/>
  <testcase classname="testScript.ManageContactTest" name="updateContact" time="2.595"/>
</testsuite> <!-- MyTest -->
